Determining if the pthread_create exist failed with the following output:
Change Dir: /home/rui/caffe/cmake-build-debug/CMakeFiles/CMakeTmp

Run Build Command:"/usr/bin/make" "cmTC_dc9a9/fast"
/usr/bin/make -f CMakeFiles/cmTC_dc9a9.dir/build.make CMakeFiles/cmTC_dc9a9.dir/build
make[1]: Entering directory '/home/rui/caffe/cmake-build-debug/CMakeFiles/CMakeTmp'
Building C object CMakeFiles/cmTC_dc9a9.dir/CheckSymbolExists.c.o
/usr/bin/cc    -o CMakeFiles/cmTC_dc9a9.dir/CheckSymbolExists.c.o   -c /home/rui/caffe/cmake-build-debug/CMakeFiles/CMakeTmp/CheckSymbolExists.c
Linking C executable cmTC_dc9a9
/home/rui/Downloads/clion-2018.1.1/bin/cmake/bin/cmake -E cmake_link_script CMakeFiles/cmTC_dc9a9.dir/link.txt --verbose=1
/usr/bin/cc      -rdynamic CMakeFiles/cmTC_dc9a9.dir/CheckSymbolExists.c.o  -o cmTC_dc9a9 
CMakeFiles/cmTC_dc9a9.dir/CheckSymbolExists.c.o: In function `main':
CheckSymbolExists.c:(.text+0x16): undefined reference to `pthread_create'
collect2: error: ld returned 1 exit status
CMakeFiles/cmTC_dc9a9.dir/build.make:97: recipe for target 'cmTC_dc9a9' failed
make[1]: *** [cmTC_dc9a9] Error 1
make[1]: Leaving directory '/home/rui/caffe/cmake-build-debug/CMakeFiles/CMakeTmp'
Makefile:126: recipe for target 'cmTC_dc9a9/fast' failed
make: *** [cmTC_dc9a9/fast] Error 2

File /home/rui/caffe/cmake-build-debug/CMakeFiles/CMakeTmp/CheckSymbolExists.c:
/* */
#include <pthread.h>

int main(int argc, char** argv)
{
  (void)argv;
#ifndef pthread_create
  return ((int*)(&pthread_create))[argc];
#else
  (void)argc;
  return 0;
#endif
}

Determining if the function pthread_create exists in the pthreads failed with the following output:
Change Dir: /home/rui/caffe/cmake-build-debug/CMakeFiles/CMakeTmp

Run Build Command:"/usr/bin/make" "cmTC_f6fd9/fast"
/usr/bin/make -f CMakeFiles/cmTC_f6fd9.dir/build.make CMakeFiles/cmTC_f6fd9.dir/build
make[1]: Entering directory '/home/rui/caffe/cmake-build-debug/CMakeFiles/CMakeTmp'
Building C object CMakeFiles/cmTC_f6fd9.dir/CheckFunctionExists.c.o
/usr/bin/cc   -DCHECK_FUNCTION_EXISTS=pthread_create   -o CMakeFiles/cmTC_f6fd9.dir/CheckFunctionExists.c.o   -c /home/rui/Downloads/clion-2018.1.1/bin/cmake/share/cmake-3.10/Modules/CheckFunctionExists.c
Linking C executable cmTC_f6fd9
/home/rui/Downloads/clion-2018.1.1/bin/cmake/bin/cmake -E cmake_link_script CMakeFiles/cmTC_f6fd9.dir/link.txt --verbose=1
/usr/bin/cc  -DCHECK_FUNCTION_EXISTS=pthread_create    -rdynamic CMakeFiles/cmTC_f6fd9.dir/CheckFunctionExists.c.o  -o cmTC_f6fd9 -lpthreads 
/usr/bin/ld: cannot find -lpthreads
collect2: error: ld returned 1 exit status
CMakeFiles/cmTC_f6fd9.dir/build.make:97: recipe for target 'cmTC_f6fd9' failed
make[1]: *** [cmTC_f6fd9] Error 1
make[1]: Leaving directory '/home/rui/caffe/cmake-build-debug/CMakeFiles/CMakeTmp'
Makefile:126: recipe for target 'cmTC_f6fd9/fast' failed
make: *** [cmTC_f6fd9/fast] Error 2


